<?xml version="1.0" encoding="UTF-8"?>
<testng-results ignored="0" total="10" passed="10" failed="0" skipped="0">
  <reporter-output>
  </reporter-output>
  <suite started-at="2025-09-13T10:23:06 IST" name="Default suite" finished-at="2025-09-13T10:24:26 IST" duration-ms="79248">
    <groups>
      <group name="cucumber">
        <method signature="AbstractTestNGCucumberTests.runScenario(io.cucumber.testng.PickleWrapper,io.cucumber.testng.FeatureWrapper)[pri:0, instance:com.runner.TestRunner@4009e306]" name="runScenario" class="io.cucumber.testng.AbstractTestNGCucumberTests"/>
      </group> <!-- cucumber -->
    </groups>
    <test started-at="2025-09-13T10:23:06 IST" name="Default test" finished-at="2025-09-13T10:24:26 IST" duration-ms="79248">
      <class name="com.runner.TestRunner">
        <test-method is-config="true" signature="setUpClass(org.testng.ITestContext)[pri:0, instance:com.runner.TestRunner@4009e306]" started-at="2025-09-13T10:23:07 IST" name="setUpClass" finished-at="2025-09-13T10:23:12 IST" duration-ms="5729" status="PASS">
          <params>
            <param index="0">
              <value>
                <![CDATA[org.testng.TestRunner@6e49b011]]>
              </value>
            </param>
          </params>
          <reporter-output>
          </reporter-output>
        </test-method> <!-- setUpClass -->
        <test-method signature="runScenario(io.cucumber.testng.PickleWrapper,io.cucumber.testng.FeatureWrapper)[pri:0, instance:com.runner.TestRunner@4009e306]" started-at="2025-09-13T10:23:12 IST" name="runScenario" description="Runs Cucumber Scenarios" data-provider="scenarios" finished-at="2025-09-13T10:23:14 IST" duration-ms="2071" status="PASS">
          <params>
            <param index="0">
              <value>
                <![CDATA["Launch browser successfully"]]>
              </value>
            </param>
            <param index="1">
              <value>
                <![CDATA["Launch the browser"]]>
              </value>
            </param>
          </params>
          <reporter-output>
          </reporter-output>
        </test-method> <!-- runScenario -->
        <test-method signature="runScenario(io.cucumber.testng.PickleWrapper,io.cucumber.testng.FeatureWrapper)[pri:0, instance:com.runner.TestRunner@4009e306]" started-at="2025-09-13T10:23:14 IST" name="runScenario" description="Runs Cucumber Scenarios" data-provider="scenarios" finished-at="2025-09-13T10:23:15 IST" duration-ms="1010" status="PASS">
          <params>
            <param index="0">
              <value>
                <![CDATA["Verify login failure with invalid mabile number"]]>
              </value>
            </param>
            <param index="1">
              <value>
                <![CDATA["Login"]]>
              </value>
            </param>
          </params>
          <reporter-output>
          </reporter-output>
        </test-method> <!-- runScenario -->
        <test-method signature="runScenario(io.cucumber.testng.PickleWrapper,io.cucumber.testng.FeatureWrapper)[pri:0, instance:com.runner.TestRunner@4009e306]" started-at="2025-09-13T10:23:15 IST" name="runScenario" description="Runs Cucumber Scenarios" data-provider="scenarios" finished-at="2025-09-13T10:23:29 IST" duration-ms="13380" status="PASS">
          <params>
            <param index="0">
              <value>
                <![CDATA["Verify  login failure with invalid OTP"]]>
              </value>
            </param>
            <param index="1">
              <value>
                <![CDATA["Login"]]>
              </value>
            </param>
          </params>
          <reporter-output>
          </reporter-output>
        </test-method> <!-- runScenario -->
        <test-method signature="runScenario(io.cucumber.testng.PickleWrapper,io.cucumber.testng.FeatureWrapper)[pri:0, instance:com.runner.TestRunner@4009e306]" started-at="2025-09-13T10:23:29 IST" name="runScenario" description="Runs Cucumber Scenarios" data-provider="scenarios" finished-at="2025-09-13T10:23:51 IST" duration-ms="22267" status="PASS">
          <params>
            <param index="0">
              <value>
                <![CDATA["Login successfully"]]>
              </value>
            </param>
            <param index="1">
              <value>
                <![CDATA["Login"]]>
              </value>
            </param>
          </params>
          <reporter-output>
          </reporter-output>
        </test-method> <!-- runScenario -->
        <test-method signature="runScenario(io.cucumber.testng.PickleWrapper,io.cucumber.testng.FeatureWrapper)[pri:0, instance:com.runner.TestRunner@4009e306]" started-at="2025-09-13T10:23:51 IST" name="runScenario" description="Runs Cucumber Scenarios" data-provider="scenarios" finished-at="2025-09-13T10:24:06 IST" duration-ms="14995" status="PASS">
          <params>
            <param index="0">
              <value>
                <![CDATA["Verify unsuccessful attempts to find a doctor"]]>
              </value>
            </param>
            <param index="1">
              <value>
                <![CDATA["Find Doctor unsuccessful"]]>
              </value>
            </param>
          </params>
          <reporter-output>
          </reporter-output>
        </test-method> <!-- runScenario -->
        <test-method signature="runScenario(io.cucumber.testng.PickleWrapper,io.cucumber.testng.FeatureWrapper)[pri:0, instance:com.runner.TestRunner@4009e306]" started-at="2025-09-13T10:24:06 IST" name="runScenario" description="Runs Cucumber Scenarios" data-provider="scenarios" finished-at="2025-09-13T10:24:08 IST" duration-ms="2370" status="PASS">
          <params>
            <param index="0">
              <value>
                <![CDATA["Verification of finding a doctor successfully"]]>
              </value>
            </param>
            <param index="1">
              <value>
                <![CDATA["Find the doctor"]]>
              </value>
            </param>
          </params>
          <reporter-output>
          </reporter-output>
        </test-method> <!-- runScenario -->
        <test-method signature="runScenario(io.cucumber.testng.PickleWrapper,io.cucumber.testng.FeatureWrapper)[pri:0, instance:com.runner.TestRunner@4009e306]" started-at="2025-09-13T10:24:08 IST" name="runScenario" description="Runs Cucumber Scenarios" data-provider="scenarios" finished-at="2025-09-13T10:24:12 IST" duration-ms="3663" status="PASS">
          <params>
            <param index="0">
              <value>
                <![CDATA["Verify successful selection and viewing of doctor details"]]>
              </value>
            </param>
            <param index="1">
              <value>
                <![CDATA["Select and view details of the doctor"]]>
              </value>
            </param>
          </params>
          <reporter-output>
          </reporter-output>
        </test-method> <!-- runScenario -->
        <test-method signature="runScenario(io.cucumber.testng.PickleWrapper,io.cucumber.testng.FeatureWrapper)[pri:0, instance:com.runner.TestRunner@4009e306]" started-at="2025-09-13T10:24:12 IST" name="runScenario" description="Runs Cucumber Scenarios" data-provider="scenarios" finished-at="2025-09-13T10:24:13 IST" duration-ms="740" status="PASS">
          <params>
            <param index="0">
              <value>
                <![CDATA["Verify appointment scheduling"]]>
              </value>
            </param>
            <param index="1">
              <value>
                <![CDATA["Schedule Appointment successfully"]]>
              </value>
            </param>
          </params>
          <reporter-output>
          </reporter-output>
        </test-method> <!-- runScenario -->
        <test-method signature="runScenario(io.cucumber.testng.PickleWrapper,io.cucumber.testng.FeatureWrapper)[pri:0, instance:com.runner.TestRunner@4009e306]" started-at="2025-09-13T10:24:13 IST" name="runScenario" description="Runs Cucumber Scenarios" data-provider="scenarios" finished-at="2025-09-13T10:24:18 IST" duration-ms="4853" status="PASS">
          <params>
            <param index="0">
              <value>
                <![CDATA["Verify adding a patient succesfully"]]>
              </value>
            </param>
            <param index="1">
              <value>
                <![CDATA["Add patient successfully"]]>
              </value>
            </param>
          </params>
          <reporter-output>
          </reporter-output>
        </test-method> <!-- runScenario -->
        <test-method signature="runScenario(io.cucumber.testng.PickleWrapper,io.cucumber.testng.FeatureWrapper)[pri:0, instance:com.runner.TestRunner@4009e306]" started-at="2025-09-13T10:24:18 IST" name="runScenario" description="Runs Cucumber Scenarios" data-provider="scenarios" finished-at="2025-09-13T10:24:26 IST" duration-ms="7923" status="PASS">
          <params>
            <param index="0">
              <value>
                <![CDATA["Verify Appointment confirmation"]]>
              </value>
            </param>
            <param index="1">
              <value>
                <![CDATA["Confirm Appointment Successfully"]]>
              </value>
            </param>
          </params>
          <reporter-output>
          </reporter-output>
        </test-method> <!-- runScenario -->
        <test-method is-config="true" signature="tearDownClass()[pri:0, instance:com.runner.TestRunner@4009e306]" started-at="2025-09-13T10:24:26 IST" name="tearDownClass" finished-at="2025-09-13T10:24:26 IST" duration-ms="205" status="PASS">
          <reporter-output>
          </reporter-output>
        </test-method> <!-- tearDownClass -->
      </class> <!-- com.runner.TestRunner -->
    </test> <!-- Default test -->
  </suite> <!-- Default suite -->
</testng-results>
