<?xml version="1.0" encoding="UTF-8"?>
<testng-results ignored="0" total="4" passed="4" failed="0" skipped="0">
  <reporter-output>
  </reporter-output>
  <suite started-at="2025-09-08T21:51:25 IST" name="Default suite" finished-at="2025-09-08T21:52:25 IST" duration-ms="59213">
    <groups>
      <group name="cucumber">
        <method signature="AbstractTestNGCucumberTests.runScenario(io.cucumber.testng.PickleWrapper,io.cucumber.testng.FeatureWrapper)[pri:0, instance:com.runner.TestRunner@4009e306]" name="runScenario" class="io.cucumber.testng.AbstractTestNGCucumberTests"/>
      </group> <!-- cucumber -->
    </groups>
    <test started-at="2025-09-08T21:51:25 IST" name="Default test" finished-at="2025-09-08T21:52:25 IST" duration-ms="59213">
      <class name="com.runner.TestRunner">
        <test-method is-config="true" signature="setUpClass(org.testng.ITestContext)[pri:0, instance:com.runner.TestRunner@4009e306]" started-at="2025-09-08T21:51:25 IST" name="setUpClass" finished-at="2025-09-08T21:51:33 IST" duration-ms="8014" status="PASS">
          <params>
            <param index="0">
              <value>
                <![CDATA[org.testng.TestRunner@7ac48f05]]>
              </value>
            </param>
          </params>
          <reporter-output>
          </reporter-output>
        </test-method> <!-- setUpClass -->
        <test-method signature="runScenario(io.cucumber.testng.PickleWrapper,io.cucumber.testng.FeatureWrapper)[pri:0, instance:com.runner.TestRunner@4009e306]" started-at="2025-09-08T21:51:33 IST" name="runScenario" description="Runs Cucumber Scenarios" data-provider="scenarios" finished-at="2025-09-08T21:51:35 IST" duration-ms="1201" status="PASS">
          <params>
            <param index="0">
              <value>
                <![CDATA["Launching the browser successfully"]]>
              </value>
            </param>
            <param index="1">
              <value>
                <![CDATA["Launching the browser"]]>
              </value>
            </param>
          </params>
          <reporter-output>
          </reporter-output>
        </test-method> <!-- runScenario -->
        <test-method signature="runScenario(io.cucumber.testng.PickleWrapper,io.cucumber.testng.FeatureWrapper)[pri:0, instance:com.runner.TestRunner@4009e306]" started-at="2025-09-08T21:51:35 IST" name="runScenario" description="Runs Cucumber Scenarios" data-provider="scenarios" finished-at="2025-09-08T21:51:54 IST" duration-ms="19637" status="PASS">
          <params>
            <param index="0">
              <value>
                <![CDATA["Login successfully"]]>
              </value>
            </param>
            <param index="1">
              <value>
                <![CDATA["Login"]]>
              </value>
            </param>
          </params>
          <reporter-output>
          </reporter-output>
        </test-method> <!-- runScenario -->
        <test-method signature="runScenario(io.cucumber.testng.PickleWrapper,io.cucumber.testng.FeatureWrapper)[pri:0, instance:com.runner.TestRunner@4009e306]" started-at="2025-09-08T21:51:54 IST" name="runScenario" description="Runs Cucumber Scenarios" data-provider="scenarios" finished-at="2025-09-08T21:52:21 IST" duration-ms="27121" status="PASS">
          <params>
            <param index="0">
              <value>
                <![CDATA["Verification of finding the doctor successfully"]]>
              </value>
            </param>
            <param index="1">
              <value>
                <![CDATA["Find the doctor"]]>
              </value>
            </param>
          </params>
          <reporter-output>
          </reporter-output>
        </test-method> <!-- runScenario -->
        <test-method signature="runScenario(io.cucumber.testng.PickleWrapper,io.cucumber.testng.FeatureWrapper)[pri:0, instance:com.runner.TestRunner@4009e306]" started-at="2025-09-08T21:52:21 IST" name="runScenario" description="Runs Cucumber Scenarios" data-provider="scenarios" finished-at="2025-09-08T21:52:24 IST" duration-ms="2814" status="PASS">
          <params>
            <param index="0">
              <value>
                <![CDATA["Verification of selecting and viw details of the doctor successfull"]]>
              </value>
            </param>
            <param index="1">
              <value>
                <![CDATA["Select and view details of the doctor"]]>
              </value>
            </param>
          </params>
          <reporter-output>
          </reporter-output>
        </test-method> <!-- runScenario -->
        <test-method is-config="true" signature="tearDownClass()[pri:0, instance:com.runner.TestRunner@4009e306]" started-at="2025-09-08T21:52:24 IST" name="tearDownClass" finished-at="2025-09-08T21:52:25 IST" duration-ms="347" status="PASS">
          <reporter-output>
          </reporter-output>
        </test-method> <!-- tearDownClass -->
      </class> <!-- com.runner.TestRunner -->
    </test> <!-- Default test -->
  </suite> <!-- Default suite -->
</testng-results>
