<?xml version="1.0" encoding="UTF-8"?>
<testng-results ignored="0" total="7" passed="7" failed="0" skipped="0">
  <reporter-output>
  </reporter-output>
  <suite started-at="2025-09-09T23:14:20 IST" name="Default suite" finished-at="2025-09-09T23:15:50 IST" duration-ms="90715">
    <groups>
      <group name="cucumber">
        <method signature="AbstractTestNGCucumberTests.runScenario(io.cucumber.testng.PickleWrapper,io.cucumber.testng.FeatureWrapper)[pri:0, instance:com.runner.TestRunner@4009e306]" name="runScenario" class="io.cucumber.testng.AbstractTestNGCucumberTests"/>
      </group> <!-- cucumber -->
    </groups>
    <test started-at="2025-09-09T23:14:20 IST" name="Default test" finished-at="2025-09-09T23:15:50 IST" duration-ms="90715">
      <class name="com.runner.TestRunner">
        <test-method is-config="true" signature="setUpClass(org.testng.ITestContext)[pri:0, instance:com.runner.TestRunner@4009e306]" started-at="2025-09-09T23:14:20 IST" name="setUpClass" finished-at="2025-09-09T23:14:25 IST" duration-ms="4887" status="PASS">
          <params>
            <param index="0">
              <value>
                <![CDATA[org.testng.TestRunner@26994c6a]]>
              </value>
            </param>
          </params>
          <reporter-output>
          </reporter-output>
        </test-method> <!-- setUpClass -->
        <test-method signature="runScenario(io.cucumber.testng.PickleWrapper,io.cucumber.testng.FeatureWrapper)[pri:0, instance:com.runner.TestRunner@4009e306]" started-at="2025-09-09T23:14:25 IST" name="runScenario" description="Runs Cucumber Scenarios" data-provider="scenarios" finished-at="2025-09-09T23:14:26 IST" duration-ms="1142" status="PASS">
          <params>
            <param index="0">
              <value>
                <![CDATA["Launching the browser successfully"]]>
              </value>
            </param>
            <param index="1">
              <value>
                <![CDATA["Launching the browser"]]>
              </value>
            </param>
          </params>
          <reporter-output>
          </reporter-output>
        </test-method> <!-- runScenario -->
        <test-method signature="runScenario(io.cucumber.testng.PickleWrapper,io.cucumber.testng.FeatureWrapper)[pri:0, instance:com.runner.TestRunner@4009e306]" started-at="2025-09-09T23:14:26 IST" name="runScenario" description="Runs Cucumber Scenarios" data-provider="scenarios" finished-at="2025-09-09T23:15:11 IST" duration-ms="45076" status="PASS">
          <params>
            <param index="0">
              <value>
                <![CDATA["Login successfully"]]>
              </value>
            </param>
            <param index="1">
              <value>
                <![CDATA["Login"]]>
              </value>
            </param>
          </params>
          <reporter-output>
          </reporter-output>
        </test-method> <!-- runScenario -->
        <test-method signature="runScenario(io.cucumber.testng.PickleWrapper,io.cucumber.testng.FeatureWrapper)[pri:0, instance:com.runner.TestRunner@4009e306]" started-at="2025-09-09T23:15:11 IST" name="runScenario" description="Runs Cucumber Scenarios" data-provider="scenarios" finished-at="2025-09-09T23:15:39 IST" duration-ms="28593" status="PASS">
          <params>
            <param index="0">
              <value>
                <![CDATA["Verification of finding the doctor successfully"]]>
              </value>
            </param>
            <param index="1">
              <value>
                <![CDATA["Find the doctor"]]>
              </value>
            </param>
          </params>
          <reporter-output>
          </reporter-output>
        </test-method> <!-- runScenario -->
        <test-method signature="runScenario(io.cucumber.testng.PickleWrapper,io.cucumber.testng.FeatureWrapper)[pri:0, instance:com.runner.TestRunner@4009e306]" started-at="2025-09-09T23:15:39 IST" name="runScenario" description="Runs Cucumber Scenarios" data-provider="scenarios" finished-at="2025-09-09T23:15:41 IST" duration-ms="1360" status="PASS">
          <params>
            <param index="0">
              <value>
                <![CDATA["Verification of selecting and view details of the doctor successfull"]]>
              </value>
            </param>
            <param index="1">
              <value>
                <![CDATA["Select and view details of the doctor"]]>
              </value>
            </param>
          </params>
          <reporter-output>
          </reporter-output>
        </test-method> <!-- runScenario -->
        <test-method signature="runScenario(io.cucumber.testng.PickleWrapper,io.cucumber.testng.FeatureWrapper)[pri:0, instance:com.runner.TestRunner@4009e306]" started-at="2025-09-09T23:15:41 IST" name="runScenario" description="Runs Cucumber Scenarios" data-provider="scenarios" finished-at="2025-09-09T23:15:42 IST" duration-ms="830" status="PASS">
          <params>
            <param index="0">
              <value>
                <![CDATA["Verification schedule the appointment"]]>
              </value>
            </param>
            <param index="1">
              <value>
                <![CDATA["Schedule Appointment successfully"]]>
              </value>
            </param>
          </params>
          <reporter-output>
          </reporter-output>
        </test-method> <!-- runScenario -->
        <test-method signature="runScenario(io.cucumber.testng.PickleWrapper,io.cucumber.testng.FeatureWrapper)[pri:0, instance:com.runner.TestRunner@4009e306]" started-at="2025-09-09T23:15:42 IST" name="runScenario" description="Runs Cucumber Scenarios" data-provider="scenarios" finished-at="2025-09-09T23:15:45 IST" duration-ms="3560" status="PASS">
          <params>
            <param index="0">
              <value>
                <![CDATA["Verification of adding the Patient succesfully"]]>
              </value>
            </param>
            <param index="1">
              <value>
                <![CDATA["Add patient successfully"]]>
              </value>
            </param>
          </params>
          <reporter-output>
          </reporter-output>
        </test-method> <!-- runScenario -->
        <test-method signature="runScenario(io.cucumber.testng.PickleWrapper,io.cucumber.testng.FeatureWrapper)[pri:0, instance:com.runner.TestRunner@4009e306]" started-at="2025-09-09T23:15:45 IST" name="runScenario" description="Runs Cucumber Scenarios" data-provider="scenarios" finished-at="2025-09-09T23:15:50 IST" duration-ms="4883" status="PASS">
          <params>
            <param index="0">
              <value>
                <![CDATA["Verification of Appointment confirmation"]]>
              </value>
            </param>
            <param index="1">
              <value>
                <![CDATA["Confirm Appointment successfully"]]>
              </value>
            </param>
          </params>
          <reporter-output>
          </reporter-output>
        </test-method> <!-- runScenario -->
        <test-method is-config="true" signature="tearDownClass()[pri:0, instance:com.runner.TestRunner@4009e306]" started-at="2025-09-09T23:15:50 IST" name="tearDownClass" finished-at="2025-09-09T23:15:50 IST" duration-ms="346" status="PASS">
          <reporter-output>
          </reporter-output>
        </test-method> <!-- tearDownClass -->
      </class> <!-- com.runner.TestRunner -->
    </test> <!-- Default test -->
  </suite> <!-- Default suite -->
</testng-results>
